<?xml version="1.0" encoding="UTF-8"?>
<!-- Generated by org.testng.reporters.JUnitReportReporter -->
<testsuite skipped="0" hostname="Draxayani-Pc" name="AutomationAssign.AutamationProject.Assignment3Test" tests="1" failures="0" timestamp="2020-05-04T22:15:24 IST" time="6.350" errors="0">
  <testcase name="testMethod" time="6.350" classname="AutomationAssign.AutamationProject.Assignment3Test"/>
</testsuite> <!-- AutomationAssign.AutamationProject.Assignment3Test -->
