<?xml version="1.0" encoding="UTF-8"?>
<!-- Generated by org.testng.reporters.JUnitReportReporter -->
<testsuite skipped="0" hostname="Draxayani-Pc" name="AutomationAssign.AutamationProject.Assignment1Test" tests="1" failures="0" timestamp="2020-05-04T22:15:24 IST" time="14.450" errors="0">
  <testcase name="testMethod" time="14.450" classname="AutomationAssign.AutamationProject.Assignment1Test"/>
</testsuite> <!-- AutomationAssign.AutamationProject.Assignment1Test -->
